<?xml version="1.0" encoding="UTF-8"?>
<testsuite xmlns:xsi="http://www.w3.org/2001/XMLSchema-instance" xsi:noNamespaceSchemaLocation="https://maven.apache.org/surefire/maven-surefire-plugin/xsd/surefire-test-report-3.0.xsd" version="3.0" name="com.github.qy.dockerdashboardserver.DockerDashboardServerApplicationTests" time="4.153" tests="1" errors="0" skipped="0" failures="0">
  <properties>
    <property name="java.specification.version" value="19"/>
    <property name="sun.cpu.isalist" value="amd64"/>
    <property name="sun.jnu.encoding" value="GBK"/>
    <property name="java.class.path" value="E:\TestSoftWare\Higher_JS\docker-dashboard\docker-dashboard-server\target\test-classes;E:\TestSoftWare\Higher_JS\docker-dashboard\docker-dashboard-server\target\classes;F:\mavenset\org\springframework\boot\spring-boot-starter-actuator\2.6.13\spring-boot-starter-actuator-2.6.13.jar;F:\mavenset\org\springframework\boot\spring-boot-starter\2.6.13\spring-boot-starter-2.6.13.jar;F:\mavenset\org\springframework\boot\spring-boot-starter-logging\2.6.13\spring-boot-starter-logging-2.6.13.jar;F:\mavenset\ch\qos\logback\logback-classic\1.2.11\logback-classic-1.2.11.jar;F:\mavenset\ch\qos\logback\logback-core\1.2.11\logback-core-1.2.11.jar;F:\mavenset\org\apache\logging\log4j\log4j-to-slf4j\2.17.2\log4j-to-slf4j-2.17.2.jar;F:\mavenset\org\apache\logging\log4j\log4j-api\2.17.2\log4j-api-2.17.2.jar;F:\mavenset\org\slf4j\jul-to-slf4j\1.7.36\jul-to-slf4j-1.7.36.jar;F:\mavenset\jakarta\annotation\jakarta.annotation-api\1.3.5\jakarta.annotation-api-1.3.5.jar;F:\mavenset\org\yaml\snakeyaml\1.29\snakeyaml-1.29.jar;F:\mavenset\org\springframework\boot\spring-boot-actuator-autoconfigure\2.6.13\spring-boot-actuator-autoconfigure-2.6.13.jar;F:\mavenset\org\springframework\boot\spring-boot-actuator\2.6.13\spring-boot-actuator-2.6.13.jar;F:\mavenset\com\fasterxml\jackson\core\jackson-databind\2.13.4.2\jackson-databind-2.13.4.2.jar;F:\mavenset\com\fasterxml\jackson\core\jackson-annotations\2.13.4\jackson-annotations-2.13.4.jar;F:\mavenset\com\fasterxml\jackson\core\jackson-core\2.13.4\jackson-core-2.13.4.jar;F:\mavenset\com\fasterxml\jackson\datatype\jackson-datatype-jsr310\2.13.4\jackson-datatype-jsr310-2.13.4.jar;F:\mavenset\io\micrometer\micrometer-core\1.8.11\micrometer-core-1.8.11.jar;F:\mavenset\org\hdrhistogram\HdrHistogram\2.1.12\HdrHistogram-2.1.12.jar;F:\mavenset\org\latencyutils\LatencyUtils\2.0.3\LatencyUtils-2.0.3.jar;F:\mavenset\org\springframework\boot\spring-boot-starter-web\2.6.13\spring-boot-starter-web-2.6.13.jar;F:\mavenset\org\springframework\boot\spring-boot-starter-json\2.6.13\spring-boot-starter-json-2.6.13.jar;F:\mavenset\com\fasterxml\jackson\datatype\jackson-datatype-jdk8\2.13.4\jackson-datatype-jdk8-2.13.4.jar;F:\mavenset\com\fasterxml\jackson\module\jackson-module-parameter-names\2.13.4\jackson-module-parameter-names-2.13.4.jar;F:\mavenset\org\springframework\boot\spring-boot-starter-tomcat\2.6.13\spring-boot-starter-tomcat-2.6.13.jar;F:\mavenset\org\apache\tomcat\embed\tomcat-embed-core\9.0.68\tomcat-embed-core-9.0.68.jar;F:\mavenset\org\apache\tomcat\embed\tomcat-embed-el\9.0.68\tomcat-embed-el-9.0.68.jar;F:\mavenset\org\apache\tomcat\embed\tomcat-embed-websocket\9.0.68\tomcat-embed-websocket-9.0.68.jar;F:\mavenset\org\springframework\spring-web\5.3.23\spring-web-5.3.23.jar;F:\mavenset\org\springframework\spring-beans\5.3.23\spring-beans-5.3.23.jar;F:\mavenset\org\springframework\spring-webmvc\5.3.23\spring-webmvc-5.3.23.jar;F:\mavenset\org\springframework\spring-aop\5.3.23\spring-aop-5.3.23.jar;F:\mavenset\org\springframework\spring-context\5.3.23\spring-context-5.3.23.jar;F:\mavenset\org\springframework\spring-expression\5.3.23\spring-expression-5.3.23.jar;F:\mavenset\org\springframework\boot\spring-boot-starter-websocket\2.6.13\spring-boot-starter-websocket-2.6.13.jar;F:\mavenset\org\springframework\spring-messaging\5.3.23\spring-messaging-5.3.23.jar;F:\mavenset\org\springframework\spring-websocket\5.3.23\spring-websocket-5.3.23.jar;F:\mavenset\org\springframework\boot\spring-boot-devtools\2.6.13\spring-boot-devtools-2.6.13.jar;F:\mavenset\org\springframework\boot\spring-boot\2.6.13\spring-boot-2.6.13.jar;F:\mavenset\org\springframework\boot\spring-boot-autoconfigure\2.6.13\spring-boot-autoconfigure-2.6.13.jar;F:\mavenset\org\projectlombok\lombok\1.18.24\lombok-1.18.24.jar;F:\mavenset\org\springframework\boot\spring-boot-starter-test\2.6.13\spring-boot-starter-test-2.6.13.jar;F:\mavenset\org\springframework\boot\spring-boot-test\2.6.13\spring-boot-test-2.6.13.jar;F:\mavenset\org\springframework\boot\spring-boot-test-autoconfigure\2.6.13\spring-boot-test-autoconfigure-2.6.13.jar;F:\mavenset\com\jayway\jsonpath\json-path\2.6.0\json-path-2.6.0.jar;F:\mavenset\net\minidev\json-smart\2.4.8\json-smart-2.4.8.jar;F:\mavenset\net\minidev\accessors-smart\2.4.8\accessors-smart-2.4.8.jar;F:\mavenset\org\ow2\asm\asm\9.1\asm-9.1.jar;F:\mavenset\org\slf4j\slf4j-api\1.7.36\slf4j-api-1.7.36.jar;F:\mavenset\jakarta\xml\bind\jakarta.xml.bind-api\2.3.3\jakarta.xml.bind-api-2.3.3.jar;F:\mavenset\jakarta\activation\jakarta.activation-api\1.2.2\jakarta.activation-api-1.2.2.jar;F:\mavenset\org\assertj\assertj-core\3.21.0\assertj-core-3.21.0.jar;F:\mavenset\org\hamcrest\hamcrest\2.2\hamcrest-2.2.jar;F:\mavenset\org\junit\jupiter\junit-jupiter\5.8.2\junit-jupiter-5.8.2.jar;F:\mavenset\org\junit\jupiter\junit-jupiter-api\5.8.2\junit-jupiter-api-5.8.2.jar;F:\mavenset\org\opentest4j\opentest4j\1.2.0\opentest4j-1.2.0.jar;F:\mavenset\org\junit\platform\junit-platform-commons\1.8.2\junit-platform-commons-1.8.2.jar;F:\mavenset\org\apiguardian\apiguardian-api\1.1.2\apiguardian-api-1.1.2.jar;F:\mavenset\org\junit\jupiter\junit-jupiter-params\5.8.2\junit-jupiter-params-5.8.2.jar;F:\mavenset\org\junit\jupiter\junit-jupiter-engine\5.8.2\junit-jupiter-engine-5.8.2.jar;F:\mavenset\org\junit\platform\junit-platform-engine\1.8.2\junit-platform-engine-1.8.2.jar;F:\mavenset\org\mockito\mockito-core\4.0.0\mockito-core-4.0.0.jar;F:\mavenset\net\bytebuddy\byte-buddy\1.11.22\byte-buddy-1.11.22.jar;F:\mavenset\net\bytebuddy\byte-buddy-agent\1.11.22\byte-buddy-agent-1.11.22.jar;F:\mavenset\org\objenesis\objenesis\3.2\objenesis-3.2.jar;F:\mavenset\org\mockito\mockito-junit-jupiter\4.0.0\mockito-junit-jupiter-4.0.0.jar;F:\mavenset\org\skyscreamer\jsonassert\1.5.1\jsonassert-1.5.1.jar;F:\mavenset\com\vaadin\external\google\android-json\0.0.20131108.vaadin1\android-json-0.0.20131108.vaadin1.jar;F:\mavenset\org\springframework\spring-core\5.3.23\spring-core-5.3.23.jar;F:\mavenset\org\springframework\spring-jcl\5.3.23\spring-jcl-5.3.23.jar;F:\mavenset\org\springframework\spring-test\5.3.23\spring-test-5.3.23.jar;F:\mavenset\org\xmlunit\xmlunit-core\2.8.4\xmlunit-core-2.8.4.jar;F:\mavenset\com\alibaba\fastjson2\fastjson2\2.0.40\fastjson2-2.0.40.jar;F:\mavenset\com\github\docker-java\docker-java-transport-httpclient5\3.4.0\docker-java-transport-httpclient5-3.4.0.jar;F:\mavenset\com\github\docker-java\docker-java-transport\3.4.0\docker-java-transport-3.4.0.jar;F:\mavenset\org\apache\httpcomponents\client5\httpclient5\5.1.3\httpclient5-5.1.3.jar;F:\mavenset\org\apache\httpcomponents\core5\httpcore5\5.1.4\httpcore5-5.1.4.jar;F:\mavenset\org\apache\httpcomponents\core5\httpcore5-h2\5.1.4\httpcore5-h2-5.1.4.jar;F:\mavenset\commons-codec\commons-codec\1.15\commons-codec-1.15.jar;F:\mavenset\net\java\dev\jna\jna\5.13.0\jna-5.13.0.jar;F:\mavenset\com\github\xiaoymin\knife4j-openapi3-jakarta-spring-boot-starter\4.5.0\knife4j-openapi3-jakarta-spring-boot-starter-4.5.0.jar;F:\mavenset\com\github\xiaoymin\knife4j-core\4.5.0\knife4j-core-4.5.0.jar;F:\mavenset\com\github\xiaoymin\knife4j-openapi3-ui\4.5.0\knife4j-openapi3-ui-4.5.0.jar;F:\mavenset\org\springdoc\springdoc-openapi-starter-webmvc-ui\2.3.0\springdoc-openapi-starter-webmvc-ui-2.3.0.jar;F:\mavenset\org\springdoc\springdoc-openapi-starter-webmvc-api\2.3.0\springdoc-openapi-starter-webmvc-api-2.3.0.jar;F:\mavenset\org\springdoc\springdoc-openapi-starter-common\2.3.0\springdoc-openapi-starter-common-2.3.0.jar;F:\mavenset\io\swagger\core\v3\swagger-core-jakarta\2.2.19\swagger-core-jakarta-2.2.19.jar;F:\mavenset\io\swagger\core\v3\swagger-annotations-jakarta\2.2.19\swagger-annotations-jakarta-2.2.19.jar;F:\mavenset\io\swagger\core\v3\swagger-models-jakarta\2.2.19\swagger-models-jakarta-2.2.19.jar;F:\mavenset\jakarta\validation\jakarta.validation-api\2.0.2\jakarta.validation-api-2.0.2.jar;F:\mavenset\com\fasterxml\jackson\dataformat\jackson-dataformat-yaml\2.13.4\jackson-dataformat-yaml-2.13.4.jar;F:\mavenset\org\webjars\swagger-ui\5.10.3\swagger-ui-5.10.3.jar;F:\mavenset\cn\hutool\hutool-core\5.8.30\hutool-core-5.8.30.jar;F:\mavenset\com\github\docker-java\docker-java\3.4.0\docker-java-3.4.0.jar;F:\mavenset\com\github\docker-java\docker-java-core\3.4.0\docker-java-core-3.4.0.jar;F:\mavenset\com\github\docker-java\docker-java-api\3.4.0\docker-java-api-3.4.0.jar;F:\mavenset\commons-io\commons-io\2.13.0\commons-io-2.13.0.jar;F:\mavenset\org\apache\commons\commons-compress\1.21\commons-compress-1.21.jar;F:\mavenset\org\apache\commons\commons-lang3\3.12.0\commons-lang3-3.12.0.jar;F:\mavenset\com\google\guava\guava\19.0\guava-19.0.jar;F:\mavenset\org\bouncycastle\bcpkix-jdk18on\1.76\bcpkix-jdk18on-1.76.jar;F:\mavenset\org\bouncycastle\bcprov-jdk18on\1.76\bcprov-jdk18on-1.76.jar;F:\mavenset\org\bouncycastle\bcutil-jdk18on\1.76\bcutil-jdk18on-1.76.jar;F:\mavenset\com\github\docker-java\docker-java-transport-jersey\3.4.0\docker-java-transport-jersey-3.4.0.jar;F:\mavenset\com\fasterxml\jackson\jaxrs\jackson-jaxrs-json-provider\2.13.4\jackson-jaxrs-json-provider-2.13.4.jar;F:\mavenset\com\fasterxml\jackson\jaxrs\jackson-jaxrs-base\2.13.4\jackson-jaxrs-base-2.13.4.jar;F:\mavenset\com\fasterxml\jackson\module\jackson-module-jaxb-annotations\2.13.4\jackson-module-jaxb-annotations-2.13.4.jar;F:\mavenset\org\glassfish\jersey\connectors\jersey-apache-connector\2.35\jersey-apache-connector-2.35.jar;F:\mavenset\org\glassfish\jersey\core\jersey-common\2.35\jersey-common-2.35.jar;F:\mavenset\org\glassfish\hk2\osgi-resource-locator\1.0.3\osgi-resource-locator-1.0.3.jar;F:\mavenset\jakarta\ws\rs\jakarta.ws.rs-api\2.1.6\jakarta.ws.rs-api-2.1.6.jar;F:\mavenset\org\apache\httpcomponents\httpcore\4.4.15\httpcore-4.4.15.jar;F:\mavenset\org\apache\httpcomponents\httpclient\4.5.13\httpclient-4.5.13.jar;F:\mavenset\org\glassfish\jersey\core\jersey-client\2.35\jersey-client-2.35.jar;F:\mavenset\org\glassfish\hk2\external\jakarta.inject\2.6.1\jakarta.inject-2.6.1.jar;F:\mavenset\org\glassfish\jersey\inject\jersey-hk2\2.35\jersey-hk2-2.35.jar;F:\mavenset\org\glassfish\hk2\hk2-locator\2.6.1\hk2-locator-2.6.1.jar;F:\mavenset\org\glassfish\hk2\external\aopalliance-repackaged\2.6.1\aopalliance-repackaged-2.6.1.jar;F:\mavenset\org\glassfish\hk2\hk2-api\2.6.1\hk2-api-2.6.1.jar;F:\mavenset\org\glassfish\hk2\hk2-utils\2.6.1\hk2-utils-2.6.1.jar;F:\mavenset\org\javassist\javassist\3.25.0-GA\javassist-3.25.0-GA.jar;F:\mavenset\com\kohlschutter\junixsocket\junixsocket-common\2.6.1\junixsocket-common-2.6.1.jar;F:\mavenset\com\kohlschutter\junixsocket\junixsocket-native-common\2.6.1\junixsocket-native-common-2.6.1.jar;F:\mavenset\com\github\docker-java\docker-java-transport-netty\3.4.0\docker-java-transport-netty-3.4.0.jar;F:\mavenset\io\netty\netty-codec-http\4.1.84.Final\netty-codec-http-4.1.84.Final.jar;F:\mavenset\io\netty\netty-common\4.1.84.Final\netty-common-4.1.84.Final.jar;F:\mavenset\io\netty\netty-buffer\4.1.84.Final\netty-buffer-4.1.84.Final.jar;F:\mavenset\io\netty\netty-transport\4.1.84.Final\netty-transport-4.1.84.Final.jar;F:\mavenset\io\netty\netty-codec\4.1.84.Final\netty-codec-4.1.84.Final.jar;F:\mavenset\io\netty\netty-handler\4.1.84.Final\netty-handler-4.1.84.Final.jar;F:\mavenset\io\netty\netty-resolver\4.1.84.Final\netty-resolver-4.1.84.Final.jar;F:\mavenset\io\netty\netty-transport-native-unix-common\4.1.84.Final\netty-transport-native-unix-common-4.1.84.Final.jar;F:\mavenset\io\netty\netty-handler-proxy\4.1.84.Final\netty-handler-proxy-4.1.84.Final.jar;F:\mavenset\io\netty\netty-codec-socks\4.1.84.Final\netty-codec-socks-4.1.84.Final.jar;F:\mavenset\io\netty\netty-transport-native-epoll\4.1.84.Final\netty-transport-native-epoll-4.1.84.Final-linux-x86_64.jar;F:\mavenset\io\netty\netty-transport-classes-epoll\4.1.84.Final\netty-transport-classes-epoll-4.1.84.Final.jar;F:\mavenset\io\netty\netty-transport-native-kqueue\4.1.84.Final\netty-transport-native-kqueue-4.1.84.Final-osx-x86_64.jar;F:\mavenset\io\netty\netty-transport-classes-kqueue\4.1.84.Final\netty-transport-classes-kqueue-4.1.84.Final.jar;F:\mavenset\org\slf4j\jcl-over-slf4j\1.7.36\jcl-over-slf4j-1.7.36.jar;"/>
    <property name="java.vm.vendor" value="Oracle Corporation"/>
    <property name="sun.arch.data.model" value="64"/>
    <property name="user.variant" value=""/>
    <property name="java.vendor.url" value="https://java.oracle.com/"/>
    <property name="user.timezone" value="Asia/Shanghai"/>
    <property name="os.name" value="Windows 10"/>
    <property name="java.vm.specification.version" value="19"/>
    <property name="sun.java.launcher" value="SUN_STANDARD"/>
    <property name="user.country" value="CN"/>
    <property name="sun.boot.library.path" value="C:\Program Files\Java\jdk-19\bin"/>
    <property name="sun.java.command" value="C:\Users\Administrator\AppData\Local\Temp\surefire17565273735201757002\surefirebooter-20250508201320601_3.jar C:\Users\Administrator\AppData\Local\Temp\surefire17565273735201757002 2025-05-08T20-13-20_442-jvmRun1 surefire-20250508201320601_1tmp surefire_0-20250508201320601_2tmp"/>
    <property name="jdk.debug" value="release"/>
    <property name="surefire.test.class.path" value="E:\TestSoftWare\Higher_JS\docker-dashboard\docker-dashboard-server\target\test-classes;E:\TestSoftWare\Higher_JS\docker-dashboard\docker-dashboard-server\target\classes;F:\mavenset\org\springframework\boot\spring-boot-starter-actuator\2.6.13\spring-boot-starter-actuator-2.6.13.jar;F:\mavenset\org\springframework\boot\spring-boot-starter\2.6.13\spring-boot-starter-2.6.13.jar;F:\mavenset\org\springframework\boot\spring-boot-starter-logging\2.6.13\spring-boot-starter-logging-2.6.13.jar;F:\mavenset\ch\qos\logback\logback-classic\1.2.11\logback-classic-1.2.11.jar;F:\mavenset\ch\qos\logback\logback-core\1.2.11\logback-core-1.2.11.jar;F:\mavenset\org\apache\logging\log4j\log4j-to-slf4j\2.17.2\log4j-to-slf4j-2.17.2.jar;F:\mavenset\org\apache\logging\log4j\log4j-api\2.17.2\log4j-api-2.17.2.jar;F:\mavenset\org\slf4j\jul-to-slf4j\1.7.36\jul-to-slf4j-1.7.36.jar;F:\mavenset\jakarta\annotation\jakarta.annotation-api\1.3.5\jakarta.annotation-api-1.3.5.jar;F:\mavenset\org\yaml\snakeyaml\1.29\snakeyaml-1.29.jar;F:\mavenset\org\springframework\boot\spring-boot-actuator-autoconfigure\2.6.13\spring-boot-actuator-autoconfigure-2.6.13.jar;F:\mavenset\org\springframework\boot\spring-boot-actuator\2.6.13\spring-boot-actuator-2.6.13.jar;F:\mavenset\com\fasterxml\jackson\core\jackson-databind\2.13.4.2\jackson-databind-2.13.4.2.jar;F:\mavenset\com\fasterxml\jackson\core\jackson-annotations\2.13.4\jackson-annotations-2.13.4.jar;F:\mavenset\com\fasterxml\jackson\core\jackson-core\2.13.4\jackson-core-2.13.4.jar;F:\mavenset\com\fasterxml\jackson\datatype\jackson-datatype-jsr310\2.13.4\jackson-datatype-jsr310-2.13.4.jar;F:\mavenset\io\micrometer\micrometer-core\1.8.11\micrometer-core-1.8.11.jar;F:\mavenset\org\hdrhistogram\HdrHistogram\2.1.12\HdrHistogram-2.1.12.jar;F:\mavenset\org\latencyutils\LatencyUtils\2.0.3\LatencyUtils-2.0.3.jar;F:\mavenset\org\springframework\boot\spring-boot-starter-web\2.6.13\spring-boot-starter-web-2.6.13.jar;F:\mavenset\org\springframework\boot\spring-boot-starter-json\2.6.13\spring-boot-starter-json-2.6.13.jar;F:\mavenset\com\fasterxml\jackson\datatype\jackson-datatype-jdk8\2.13.4\jackson-datatype-jdk8-2.13.4.jar;F:\mavenset\com\fasterxml\jackson\module\jackson-module-parameter-names\2.13.4\jackson-module-parameter-names-2.13.4.jar;F:\mavenset\org\springframework\boot\spring-boot-starter-tomcat\2.6.13\spring-boot-starter-tomcat-2.6.13.jar;F:\mavenset\org\apache\tomcat\embed\tomcat-embed-core\9.0.68\tomcat-embed-core-9.0.68.jar;F:\mavenset\org\apache\tomcat\embed\tomcat-embed-el\9.0.68\tomcat-embed-el-9.0.68.jar;F:\mavenset\org\apache\tomcat\embed\tomcat-embed-websocket\9.0.68\tomcat-embed-websocket-9.0.68.jar;F:\mavenset\org\springframework\spring-web\5.3.23\spring-web-5.3.23.jar;F:\mavenset\org\springframework\spring-beans\5.3.23\spring-beans-5.3.23.jar;F:\mavenset\org\springframework\spring-webmvc\5.3.23\spring-webmvc-5.3.23.jar;F:\mavenset\org\springframework\spring-aop\5.3.23\spring-aop-5.3.23.jar;F:\mavenset\org\springframework\spring-context\5.3.23\spring-context-5.3.23.jar;F:\mavenset\org\springframework\spring-expression\5.3.23\spring-expression-5.3.23.jar;F:\mavenset\org\springframework\boot\spring-boot-starter-websocket\2.6.13\spring-boot-starter-websocket-2.6.13.jar;F:\mavenset\org\springframework\spring-messaging\5.3.23\spring-messaging-5.3.23.jar;F:\mavenset\org\springframework\spring-websocket\5.3.23\spring-websocket-5.3.23.jar;F:\mavenset\org\springframework\boot\spring-boot-devtools\2.6.13\spring-boot-devtools-2.6.13.jar;F:\mavenset\org\springframework\boot\spring-boot\2.6.13\spring-boot-2.6.13.jar;F:\mavenset\org\springframework\boot\spring-boot-autoconfigure\2.6.13\spring-boot-autoconfigure-2.6.13.jar;F:\mavenset\org\projectlombok\lombok\1.18.24\lombok-1.18.24.jar;F:\mavenset\org\springframework\boot\spring-boot-starter-test\2.6.13\spring-boot-starter-test-2.6.13.jar;F:\mavenset\org\springframework\boot\spring-boot-test\2.6.13\spring-boot-test-2.6.13.jar;F:\mavenset\org\springframework\boot\spring-boot-test-autoconfigure\2.6.13\spring-boot-test-autoconfigure-2.6.13.jar;F:\mavenset\com\jayway\jsonpath\json-path\2.6.0\json-path-2.6.0.jar;F:\mavenset\net\minidev\json-smart\2.4.8\json-smart-2.4.8.jar;F:\mavenset\net\minidev\accessors-smart\2.4.8\accessors-smart-2.4.8.jar;F:\mavenset\org\ow2\asm\asm\9.1\asm-9.1.jar;F:\mavenset\org\slf4j\slf4j-api\1.7.36\slf4j-api-1.7.36.jar;F:\mavenset\jakarta\xml\bind\jakarta.xml.bind-api\2.3.3\jakarta.xml.bind-api-2.3.3.jar;F:\mavenset\jakarta\activation\jakarta.activation-api\1.2.2\jakarta.activation-api-1.2.2.jar;F:\mavenset\org\assertj\assertj-core\3.21.0\assertj-core-3.21.0.jar;F:\mavenset\org\hamcrest\hamcrest\2.2\hamcrest-2.2.jar;F:\mavenset\org\junit\jupiter\junit-jupiter\5.8.2\junit-jupiter-5.8.2.jar;F:\mavenset\org\junit\jupiter\junit-jupiter-api\5.8.2\junit-jupiter-api-5.8.2.jar;F:\mavenset\org\opentest4j\opentest4j\1.2.0\opentest4j-1.2.0.jar;F:\mavenset\org\junit\platform\junit-platform-commons\1.8.2\junit-platform-commons-1.8.2.jar;F:\mavenset\org\apiguardian\apiguardian-api\1.1.2\apiguardian-api-1.1.2.jar;F:\mavenset\org\junit\jupiter\junit-jupiter-params\5.8.2\junit-jupiter-params-5.8.2.jar;F:\mavenset\org\junit\jupiter\junit-jupiter-engine\5.8.2\junit-jupiter-engine-5.8.2.jar;F:\mavenset\org\junit\platform\junit-platform-engine\1.8.2\junit-platform-engine-1.8.2.jar;F:\mavenset\org\mockito\mockito-core\4.0.0\mockito-core-4.0.0.jar;F:\mavenset\net\bytebuddy\byte-buddy\1.11.22\byte-buddy-1.11.22.jar;F:\mavenset\net\bytebuddy\byte-buddy-agent\1.11.22\byte-buddy-agent-1.11.22.jar;F:\mavenset\org\objenesis\objenesis\3.2\objenesis-3.2.jar;F:\mavenset\org\mockito\mockito-junit-jupiter\4.0.0\mockito-junit-jupiter-4.0.0.jar;F:\mavenset\org\skyscreamer\jsonassert\1.5.1\jsonassert-1.5.1.jar;F:\mavenset\com\vaadin\external\google\android-json\0.0.20131108.vaadin1\android-json-0.0.20131108.vaadin1.jar;F:\mavenset\org\springframework\spring-core\5.3.23\spring-core-5.3.23.jar;F:\mavenset\org\springframework\spring-jcl\5.3.23\spring-jcl-5.3.23.jar;F:\mavenset\org\springframework\spring-test\5.3.23\spring-test-5.3.23.jar;F:\mavenset\org\xmlunit\xmlunit-core\2.8.4\xmlunit-core-2.8.4.jar;F:\mavenset\com\alibaba\fastjson2\fastjson2\2.0.40\fastjson2-2.0.40.jar;F:\mavenset\com\github\docker-java\docker-java-transport-httpclient5\3.4.0\docker-java-transport-httpclient5-3.4.0.jar;F:\mavenset\com\github\docker-java\docker-java-transport\3.4.0\docker-java-transport-3.4.0.jar;F:\mavenset\org\apache\httpcomponents\client5\httpclient5\5.1.3\httpclient5-5.1.3.jar;F:\mavenset\org\apache\httpcomponents\core5\httpcore5\5.1.4\httpcore5-5.1.4.jar;F:\mavenset\org\apache\httpcomponents\core5\httpcore5-h2\5.1.4\httpcore5-h2-5.1.4.jar;F:\mavenset\commons-codec\commons-codec\1.15\commons-codec-1.15.jar;F:\mavenset\net\java\dev\jna\jna\5.13.0\jna-5.13.0.jar;F:\mavenset\com\github\xiaoymin\knife4j-openapi3-jakarta-spring-boot-starter\4.5.0\knife4j-openapi3-jakarta-spring-boot-starter-4.5.0.jar;F:\mavenset\com\github\xiaoymin\knife4j-core\4.5.0\knife4j-core-4.5.0.jar;F:\mavenset\com\github\xiaoymin\knife4j-openapi3-ui\4.5.0\knife4j-openapi3-ui-4.5.0.jar;F:\mavenset\org\springdoc\springdoc-openapi-starter-webmvc-ui\2.3.0\springdoc-openapi-starter-webmvc-ui-2.3.0.jar;F:\mavenset\org\springdoc\springdoc-openapi-starter-webmvc-api\2.3.0\springdoc-openapi-starter-webmvc-api-2.3.0.jar;F:\mavenset\org\springdoc\springdoc-openapi-starter-common\2.3.0\springdoc-openapi-starter-common-2.3.0.jar;F:\mavenset\io\swagger\core\v3\swagger-core-jakarta\2.2.19\swagger-core-jakarta-2.2.19.jar;F:\mavenset\io\swagger\core\v3\swagger-annotations-jakarta\2.2.19\swagger-annotations-jakarta-2.2.19.jar;F:\mavenset\io\swagger\core\v3\swagger-models-jakarta\2.2.19\swagger-models-jakarta-2.2.19.jar;F:\mavenset\jakarta\validation\jakarta.validation-api\2.0.2\jakarta.validation-api-2.0.2.jar;F:\mavenset\com\fasterxml\jackson\dataformat\jackson-dataformat-yaml\2.13.4\jackson-dataformat-yaml-2.13.4.jar;F:\mavenset\org\webjars\swagger-ui\5.10.3\swagger-ui-5.10.3.jar;F:\mavenset\cn\hutool\hutool-core\5.8.30\hutool-core-5.8.30.jar;F:\mavenset\com\github\docker-java\docker-java\3.4.0\docker-java-3.4.0.jar;F:\mavenset\com\github\docker-java\docker-java-core\3.4.0\docker-java-core-3.4.0.jar;F:\mavenset\com\github\docker-java\docker-java-api\3.4.0\docker-java-api-3.4.0.jar;F:\mavenset\commons-io\commons-io\2.13.0\commons-io-2.13.0.jar;F:\mavenset\org\apache\commons\commons-compress\1.21\commons-compress-1.21.jar;F:\mavenset\org\apache\commons\commons-lang3\3.12.0\commons-lang3-3.12.0.jar;F:\mavenset\com\google\guava\guava\19.0\guava-19.0.jar;F:\mavenset\org\bouncycastle\bcpkix-jdk18on\1.76\bcpkix-jdk18on-1.76.jar;F:\mavenset\org\bouncycastle\bcprov-jdk18on\1.76\bcprov-jdk18on-1.76.jar;F:\mavenset\org\bouncycastle\bcutil-jdk18on\1.76\bcutil-jdk18on-1.76.jar;F:\mavenset\com\github\docker-java\docker-java-transport-jersey\3.4.0\docker-java-transport-jersey-3.4.0.jar;F:\mavenset\com\fasterxml\jackson\jaxrs\jackson-jaxrs-json-provider\2.13.4\jackson-jaxrs-json-provider-2.13.4.jar;F:\mavenset\com\fasterxml\jackson\jaxrs\jackson-jaxrs-base\2.13.4\jackson-jaxrs-base-2.13.4.jar;F:\mavenset\com\fasterxml\jackson\module\jackson-module-jaxb-annotations\2.13.4\jackson-module-jaxb-annotations-2.13.4.jar;F:\mavenset\org\glassfish\jersey\connectors\jersey-apache-connector\2.35\jersey-apache-connector-2.35.jar;F:\mavenset\org\glassfish\jersey\core\jersey-common\2.35\jersey-common-2.35.jar;F:\mavenset\org\glassfish\hk2\osgi-resource-locator\1.0.3\osgi-resource-locator-1.0.3.jar;F:\mavenset\jakarta\ws\rs\jakarta.ws.rs-api\2.1.6\jakarta.ws.rs-api-2.1.6.jar;F:\mavenset\org\apache\httpcomponents\httpcore\4.4.15\httpcore-4.4.15.jar;F:\mavenset\org\apache\httpcomponents\httpclient\4.5.13\httpclient-4.5.13.jar;F:\mavenset\org\glassfish\jersey\core\jersey-client\2.35\jersey-client-2.35.jar;F:\mavenset\org\glassfish\hk2\external\jakarta.inject\2.6.1\jakarta.inject-2.6.1.jar;F:\mavenset\org\glassfish\jersey\inject\jersey-hk2\2.35\jersey-hk2-2.35.jar;F:\mavenset\org\glassfish\hk2\hk2-locator\2.6.1\hk2-locator-2.6.1.jar;F:\mavenset\org\glassfish\hk2\external\aopalliance-repackaged\2.6.1\aopalliance-repackaged-2.6.1.jar;F:\mavenset\org\glassfish\hk2\hk2-api\2.6.1\hk2-api-2.6.1.jar;F:\mavenset\org\glassfish\hk2\hk2-utils\2.6.1\hk2-utils-2.6.1.jar;F:\mavenset\org\javassist\javassist\3.25.0-GA\javassist-3.25.0-GA.jar;F:\mavenset\com\kohlschutter\junixsocket\junixsocket-common\2.6.1\junixsocket-common-2.6.1.jar;F:\mavenset\com\kohlschutter\junixsocket\junixsocket-native-common\2.6.1\junixsocket-native-common-2.6.1.jar;F:\mavenset\com\github\docker-java\docker-java-transport-netty\3.4.0\docker-java-transport-netty-3.4.0.jar;F:\mavenset\io\netty\netty-codec-http\4.1.84.Final\netty-codec-http-4.1.84.Final.jar;F:\mavenset\io\netty\netty-common\4.1.84.Final\netty-common-4.1.84.Final.jar;F:\mavenset\io\netty\netty-buffer\4.1.84.Final\netty-buffer-4.1.84.Final.jar;F:\mavenset\io\netty\netty-transport\4.1.84.Final\netty-transport-4.1.84.Final.jar;F:\mavenset\io\netty\netty-codec\4.1.84.Final\netty-codec-4.1.84.Final.jar;F:\mavenset\io\netty\netty-handler\4.1.84.Final\netty-handler-4.1.84.Final.jar;F:\mavenset\io\netty\netty-resolver\4.1.84.Final\netty-resolver-4.1.84.Final.jar;F:\mavenset\io\netty\netty-transport-native-unix-common\4.1.84.Final\netty-transport-native-unix-common-4.1.84.Final.jar;F:\mavenset\io\netty\netty-handler-proxy\4.1.84.Final\netty-handler-proxy-4.1.84.Final.jar;F:\mavenset\io\netty\netty-codec-socks\4.1.84.Final\netty-codec-socks-4.1.84.Final.jar;F:\mavenset\io\netty\netty-transport-native-epoll\4.1.84.Final\netty-transport-native-epoll-4.1.84.Final-linux-x86_64.jar;F:\mavenset\io\netty\netty-transport-classes-epoll\4.1.84.Final\netty-transport-classes-epoll-4.1.84.Final.jar;F:\mavenset\io\netty\netty-transport-native-kqueue\4.1.84.Final\netty-transport-native-kqueue-4.1.84.Final-osx-x86_64.jar;F:\mavenset\io\netty\netty-transport-classes-kqueue\4.1.84.Final\netty-transport-classes-kqueue-4.1.84.Final.jar;F:\mavenset\org\slf4j\jcl-over-slf4j\1.7.36\jcl-over-slf4j-1.7.36.jar;"/>
    <property name="sun.cpu.endian" value="little"/>
    <property name="user.home" value="C:\Users\Administrator"/>
    <property name="user.language" value="zh"/>
    <property name="java.specification.vendor" value="Oracle Corporation"/>
    <property name="java.version.date" value="2023-01-17"/>
    <property name="java.home" value="C:\Program Files\Java\jdk-19"/>
    <property name="file.separator" value="\"/>
    <property name="basedir" value="E:\TestSoftWare\Higher_JS\docker-dashboard\docker-dashboard-server"/>
    <property name="java.vm.compressedOopsMode" value="Zero based"/>
    <property name="line.separator" value="&#10;"/>
    <property name="java.vm.specification.vendor" value="Oracle Corporation"/>
    <property name="java.specification.name" value="Java Platform API Specification"/>
    <property name="FILE_LOG_CHARSET" value="UTF-8"/>
    <property name="java.awt.headless" value="true"/>
    <property name="surefire.real.class.path" value="C:\Users\Administrator\AppData\Local\Temp\surefire17565273735201757002\surefirebooter-20250508201320601_3.jar"/>
    <property name="user.script" value=""/>
    <property name="sun.management.compiler" value="HotSpot 64-Bit Tiered Compilers"/>
    <property name="java.runtime.version" value="19.0.2+7-44"/>
    <property name="user.name" value="Administrator"/>
    <property name="stdout.encoding" value="GBK"/>
    <property name="path.separator" value=";"/>
    <property name="os.version" value="10.0"/>
    <property name="java.runtime.name" value="Java(TM) SE Runtime Environment"/>
    <property name="file.encoding" value="UTF-8"/>
    <property name="spring.beaninfo.ignore" value="true"/>
    <property name="java.vm.name" value="Java HotSpot(TM) 64-Bit Server VM"/>
    <property name="localRepository" value="F:\mavenset"/>
    <property name="java.vendor.url.bug" value="https://bugreport.java.com/bugreport/"/>
    <property name="java.io.tmpdir" value="C:\Users\ADMINI~1\AppData\Local\Temp\"/>
    <property name="idea.version" value="2024.3.3"/>
    <property name="java.version" value="19.0.2"/>
    <property name="user.dir" value="E:\TestSoftWare\Higher_JS\docker-dashboard\docker-dashboard-server"/>
    <property name="os.arch" value="amd64"/>
    <property name="java.vm.specification.name" value="Java Virtual Machine Specification"/>
    <property name="PID" value="4004"/>
    <property name="sun.os.patch.level" value=""/>
    <property name="CONSOLE_LOG_CHARSET" value="UTF-8"/>
    <property name="native.encoding" value="GBK"/>
    <property name="java.library.path" value="C:\Program Files\Java\jdk-19\bin;C:\windows\Sun\Java\bin;C:\windows\system32;C:\windows;C:\Program Files\Java\jdk-19\bin;C:\ProgramData\Oracle\Java\javapath;E:\OracleSoftWare\WINDOWS.X64_193000_db_home\bin;C:\Program Files\Common Files\Oracle\Java\javapath;E:\TestSoftWare\ZenTao\bin\git\cmd;E:\TestSoftWare\ZenTao\bin\php;E:\TestSoftWare\ZenTao\bin\sliksvn;E:\TestSoftWare\ZenTao\zbox\nssm\win64;E:\xuniji\Software\bin\;C:\Program Files\PlasticSCM5\server;C:\Program Files\PlasticSCM5\client;C:\Program Files\Microsoft\jdk-11.0.16.101-hotspot\bin;C:\windows\system32;C:\windows;C:\windows\System32\Wbem;C:\windows\System32\WindowsPowerShell\v1.0\;C:\windows\System32\OpenSSH\;D:\Git\cmd;C:\Program Files\dotnet\;C:\Program Files\Go\bin;E:\微信web开发者工具\dll;C:\Users\Administrator\AppData\Local\Programs\Python\Python311\Scripts\;C:\Users\Administrator\AppData\Local\Programs\Python\Python311\;C:\Program Files\MySQL\MySQL Shell 8.0\bin\;C:\Users\Administrator\AppData\Local\Microsoft\WindowsApps;D:\Microsoft VS Code\bin;C:\Users\Administrator\.dotnet\tools;C:\Users\Administrator\AppData\Roaming\npm;C:\Users\Administrator\go\bin;D:\mongodb-windows-x86_64-5.0.21\mongodb-win32-x86_64-windows-5.0.21\bin;F:\Apache_Jmeter\software\apache-jmeter-5.3\bin;C:\Program Files (x86)\scala\bin;E:\node.js\;F:\maven\apache-maven-3.9.5\bin;C:\Program Files (x86)\Microsoft SQL Server\160\Tools\Binn\;C:\Program Files\Microsoft SQL Server\160\Tools\Binn\;C:\Program Files\Microsoft SQL Server\Client SDK\ODBC\170\Tools\Binn\;C:\Program Files\Microsoft SQL Server\160\DTS\Binn\;E:\xshell\xhell\;E:\xshell\xftp\;C:\Program Files\TortoiseSVN\bin;C:\Program Files\Docker\Docker\resources\bin;C:\ProgramData\DockerDesktop\version-bin;E:\001_loadRUnner\app\bin\Silk\Silk Performer 21.0;C:\Users\Administrator\AppData\Local\Programs\Python\Python311\Scripts\;C:\Users\Administrator\AppData\Local\Programs\Python\Python311\;C:\Program Files\MySQL\MySQL Shell 8.0\bin\;C:\Users\Administrator\AppData\Local\Microsoft\WindowsApps;D:\Microsoft VS Code\bin;C:\Users\Administrator\.dotnet\tools;C:\Users\Administrator\go\bin;D:\mongodb-windows-x86_64-5.0.21\mongodb-win32-x86_64-windows-5.0.21\bin;F:\rider软件\JetBrains Rider 2023.2.1\bin;C:\Users\Administrator\.dotnet\tools;E:\TestSoftWare\FiddlerSoftWare\Fiddler;D:\app\android\android-sdk-windows\tools;D:\app\android\android-sdk-windows\platform-tools;C:\Users\Administrator\AppData\Roaming\npm;C:\Users\Administrator\AppData\Local\JetBrains\Toolbox\scripts;E:\c#相关\cpolar-stable-windows-amd64-setup\;E:\002fluter\flutter_windows_2.10.5-stable\flutter\bin;E:\01YongJie\mysql-9.2.0-winx64\bin;E:\cursor\resources\app\bin;."/>
    <property name="java.vm.info" value="mixed mode, sharing"/>
    <property name="stderr.encoding" value="GBK"/>
    <property name="java.vendor" value="Oracle Corporation"/>
    <property name="java.vm.version" value="19.0.2+7-44"/>
    <property name="sun.io.unicode.encoding" value="UnicodeLittle"/>
    <property name="maven.repo.local" value="F:\mavenset"/>
    <property name="java.class.version" value="63.0"/>
  </properties>
  <testcase name="contextLoads" classname="com.github.qy.dockerdashboardserver.DockerDashboardServerApplicationTests" time="0.234">
    <system-out><![CDATA[20:13:21.429 [main] DEBUG org.springframework.test.context.BootstrapUtils - Instantiating CacheAwareContextLoaderDelegate from class [org.springframework.test.context.cache.DefaultCacheAwareContextLoaderDelegate]
20:13:21.446 [main] DEBUG org.springframework.test.context.BootstrapUtils - Instantiating BootstrapContext using constructor [public org.springframework.test.context.support.DefaultBootstrapContext(java.lang.Class,org.springframework.test.context.CacheAwareContextLoaderDelegate)]
20:13:21.485 [main] DEBUG org.springframework.test.context.BootstrapUtils - Instantiating TestContextBootstrapper for test class [com.github.qy.dockerdashboardserver.DockerDashboardServerApplicationTests] from class [org.springframework.boot.test.context.SpringBootTestContextBootstrapper]
20:13:21.504 [main] INFO org.springframework.boot.test.context.SpringBootTestContextBootstrapper - Neither @ContextConfiguration nor @ContextHierarchy found for test class [com.github.qy.dockerdashboardserver.DockerDashboardServerApplicationTests], using SpringBootContextLoader
20:13:21.508 [main] DEBUG org.springframework.test.context.support.AbstractContextLoader - Did not detect default resource location for test class [com.github.qy.dockerdashboardserver.DockerDashboardServerApplicationTests]: class path resource [com/github/qy/dockerdashboardserver/DockerDashboardServerApplicationTests-context.xml] does not exist
20:13:21.509 [main] DEBUG org.springframework.test.context.support.AbstractContextLoader - Did not detect default resource location for test class [com.github.qy.dockerdashboardserver.DockerDashboardServerApplicationTests]: class path resource [com/github/qy/dockerdashboardserver/DockerDashboardServerApplicationTestsContext.groovy] does not exist
20:13:21.509 [main] INFO org.springframework.test.context.support.AbstractContextLoader - Could not detect default resource locations for test class [com.github.qy.dockerdashboardserver.DockerDashboardServerApplicationTests]: no resource found for suffixes {-context.xml, Context.groovy}.
20:13:21.509 [main] INFO org.springframework.test.context.support.AnnotationConfigContextLoaderUtils - Could not detect default configuration classes for test class [com.github.qy.dockerdashboardserver.DockerDashboardServerApplicationTests]: DockerDashboardServerApplicationTests does not declare any static, non-private, non-final, nested classes annotated with @Configuration.
20:13:21.570 [main] DEBUG org.springframework.test.context.support.ActiveProfilesUtils - Could not find an 'annotation declaring class' for annotation type [org.springframework.test.context.ActiveProfiles] and class [com.github.qy.dockerdashboardserver.DockerDashboardServerApplicationTests]
20:13:21.670 [main] DEBUG org.springframework.context.annotation.ClassPathScanningCandidateComponentProvider - Identified candidate component class: file [E:\TestSoftWare\Higher_JS\docker-dashboard\docker-dashboard-server\target\classes\com\github\qy\dockerdashboardserver\DockerDashboardServerApplication.class]
20:13:21.673 [main] INFO org.springframework.boot.test.context.SpringBootTestContextBootstrapper - Found @SpringBootConfiguration com.github.qy.dockerdashboardserver.DockerDashboardServerApplication for test class com.github.qy.dockerdashboardserver.DockerDashboardServerApplicationTests
20:13:21.789 [main] DEBUG org.springframework.boot.test.context.SpringBootTestContextBootstrapper - @TestExecutionListeners is not present for class [com.github.qy.dockerdashboardserver.DockerDashboardServerApplicationTests]: using defaults.
20:13:21.790 [main] INFO org.springframework.boot.test.context.SpringBootTestContextBootstrapper - Loaded default TestExecutionListener class names from location [META-INF/spring.factories]: [org.springframework.boot.test.mock.mockito.MockitoTestExecutionListener, org.springframework.boot.test.mock.mockito.ResetMocksTestExecutionListener, org.springframework.boot.test.autoconfigure.restdocs.RestDocsTestExecutionListener, org.springframework.boot.test.autoconfigure.web.client.MockRestServiceServerResetTestExecutionListener, org.springframework.boot.test.autoconfigure.web.servlet.MockMvcPrintOnlyOnFailureTestExecutionListener, org.springframework.boot.test.autoconfigure.web.servlet.WebDriverTestExecutionListener, org.springframework.boot.test.autoconfigure.webservices.client.MockWebServiceServerTestExecutionListener, org.springframework.test.context.web.ServletTestExecutionListener, org.springframework.test.context.support.DirtiesContextBeforeModesTestExecutionListener, org.springframework.test.context.event.ApplicationEventsTestExecutionListener, org.springframework.test.context.support.DependencyInjectionTestExecutionListener, org.springframework.test.context.support.DirtiesContextTestExecutionListener, org.springframework.test.context.transaction.TransactionalTestExecutionListener, org.springframework.test.context.jdbc.SqlScriptsTestExecutionListener, org.springframework.test.context.event.EventPublishingTestExecutionListener]
20:13:21.801 [main] DEBUG org.springframework.boot.test.context.SpringBootTestContextBootstrapper - Skipping candidate TestExecutionListener [org.springframework.test.context.transaction.TransactionalTestExecutionListener] due to a missing dependency. Specify custom listener classes or make the default listener classes and their required dependencies available. Offending class: [org/springframework/transaction/interceptor/TransactionAttributeSource]
20:13:21.801 [main] DEBUG org.springframework.boot.test.context.SpringBootTestContextBootstrapper - Skipping candidate TestExecutionListener [org.springframework.test.context.jdbc.SqlScriptsTestExecutionListener] due to a missing dependency. Specify custom listener classes or make the default listener classes and their required dependencies available. Offending class: [org/springframework/transaction/interceptor/TransactionAttribute]
20:13:21.802 [main] INFO org.springframework.boot.test.context.SpringBootTestContextBootstrapper - Using TestExecutionListeners: [org.springframework.test.context.web.ServletTestExecutionListener@3e7dd664, org.springframework.test.context.support.DirtiesContextBeforeModesTestExecutionListener@5b1ebf56, org.springframework.test.context.event.ApplicationEventsTestExecutionListener@294a6b8e, org.springframework.boot.test.mock.mockito.MockitoTestExecutionListener@4b1d6571, org.springframework.boot.test.autoconfigure.SpringBootDependencyInjectionTestExecutionListener@1b835480, org.springframework.test.context.support.DirtiesContextTestExecutionListener@3549bca9, org.springframework.test.context.event.EventPublishingTestExecutionListener@4f25b795, org.springframework.boot.test.mock.mockito.ResetMocksTestExecutionListener@6fb365ed, org.springframework.boot.test.autoconfigure.restdocs.RestDocsTestExecutionListener@6e950bcf, org.springframework.boot.test.autoconfigure.web.client.MockRestServiceServerResetTestExecutionListener@16414e40, org.springframework.boot.test.autoconfigure.web.servlet.MockMvcPrintOnlyOnFailureTestExecutionListener@74bada02, org.springframework.boot.test.autoconfigure.web.servlet.WebDriverTestExecutionListener@525575, org.springframework.boot.test.autoconfigure.webservices.client.MockWebServiceServerTestExecutionListener@46dffdc3]
20:13:21.806 [main] DEBUG org.springframework.test.context.support.AbstractDirtiesContextTestExecutionListener - Before test class: context [DefaultTestContext@3a12c404 testClass = DockerDashboardServerApplicationTests, testInstance = [null], testMethod = [null], testException = [null], mergedContextConfiguration = [WebMergedContextConfiguration@1941a8ff testClass = DockerDashboardServerApplicationTests, locations = '{}', classes = '{class com.github.qy.dockerdashboardserver.DockerDashboardServerApplication}', contextInitializerClasses = '[]', activeProfiles = '{}', propertySourceLocations = '{}', propertySourceProperties = '{org.springframework.boot.test.context.SpringBootTestContextBootstrapper=true}', contextCustomizers = set[org.springframework.boot.test.context.filter.ExcludeFilterContextCustomizer@6caf0677, org.springframework.boot.test.json.DuplicateJsonObjectContextCustomizerFactory$DuplicateJsonObjectContextCustomizer@273444fe, org.springframework.boot.test.mock.mockito.MockitoContextCustomizer@0, org.springframework.boot.test.web.client.TestRestTemplateContextCustomizer@7c137fd5, org.springframework.boot.test.autoconfigure.actuate.metrics.MetricsExportContextCustomizerFactory$DisableMetricExportContextCustomizer@70ed52de, org.springframework.boot.test.autoconfigure.properties.PropertyMappingContextCustomizer@0, org.springframework.boot.test.autoconfigure.web.servlet.WebDriverContextCustomizerFactory$Customizer@304bb45b, org.springframework.boot.test.context.SpringBootTestArgs@1, org.springframework.boot.test.context.SpringBootTestWebEnvironment@6c3f5566], resourceBasePath = 'src/main/webapp', contextLoader = 'org.springframework.boot.test.context.SpringBootContextLoader', parent = [null]], attributes = map['org.springframework.test.context.web.ServletTestExecutionListener.activateListener' -> true]], class annotated with @DirtiesContext [false] with mode [null].

  .   ____          _            __ _ _
 /\\ / ___'_ __ _ _(_)_ __  __ _ \ \ \ \
( ( )\___ | '_ | '_| | '_ \/ _` | \ \ \ \
 \\/  ___)| |_)| | | | | || (_| |  ) ) ) )
  '  |____| .__|_| |_|_| |_\__, | / / / /
 =========|_|==============|___/=/_/_/_/
 :: Spring Boot ::               (v2.6.13)

2025-05-08 20:13:22.161  INFO 4004 --- [           main] .d.DockerDashboardServerApplicationTests : Starting DockerDashboardServerApplicationTests using Java 19.0.2 on PC-20220818QFGP with PID 4004 (started by Administrator in E:\TestSoftWare\Higher_JS\docker-dashboard\docker-dashboard-server)
2025-05-08 20:13:22.162  INFO 4004 --- [           main] .d.DockerDashboardServerApplicationTests : No active profile set, falling back to 1 default profile: "default"
2025-05-08 20:13:24.070  INFO 4004 --- [           main] o.s.b.a.w.s.WelcomePageHandlerMapping    : Adding welcome page: class path resource [static/index.html]
2025-05-08 20:13:24.596  INFO 4004 --- [           main] .d.DockerDashboardServerApplicationTests : Started DockerDashboardServerApplicationTests in 2.739 seconds (JVM running for 3.82)
                                     ██                ██ ██                    ██              ██                  ██                   
 ██████                             ░██               ░██░░                    ░██             ░██                 ░██                   
░██░░░██  ██████   ███████   █████  ░██        █████  ░██ ██  █████  ███████  ██████           ░██  ██████   █████ ░██  ██  █████  ██████
░██  ░██ ░░░░░░██ ░░██░░░██ ██░░░██ ░██ █████ ██░░░██ ░██░██ ██░░░██░░██░░░██░░░██░  █████  ██████ ██░░░░██ ██░░░██░██ ██  ██░░░██░░██░░█
░██████   ███████  ░██  ░██░███████ ░██░░░░░ ░██  ░░  ░██░██░███████ ░██  ░██  ░██  ░░░░░  ██░░░██░██   ░██░██  ░░ ░████  ░███████ ░██ ░ 
░██░░░   ██░░░░██  ░██  ░██░██░░░░  ░██      ░██   ██ ░██░██░██░░░░  ░██  ░██  ░██        ░██  ░██░██   ░██░██   ██░██░██ ░██░░░░  ░██   
░██     ░░████████ ███  ░██░░██████ ███      ░░█████  ███░██░░██████ ███  ░██  ░░██       ░░██████░░██████ ░░█████ ░██░░██░░██████░███   
░░       ░░░░░░░░ ░░░   ░░  ░░░░░░ ░░░        ░░░░░  ░░░ ░░  ░░░░░░ ░░░   ░░    ░░         ░░░░░░  ░░░░░░   ░░░░░  ░░  ░░  ░░░░░░ ░░░    

2025-05-08 20:13:25.254  INFO 4004 --- [           main] c.g.q.d.DockerDashboardServerApplication : docker info:Info(architecture=x86_64, containers=0, containersStopped=0, containersPaused=0, containersRunning=0, cpuCfsPeriod=true, cpuCfsQuota=true, cpuShares=true, cpuSet=true, debug=false, discoveryBackend=null, dockerRootDir=/var/lib/docker, driver=overlay2, driverStatuses=[[Backing Filesystem, extfs], [Supports d_type, true], [Using metacopy, false], [Native Overlay Diff, true], [userxattr, false]], systemStatus=null, plugins={Volume=[local], Network=[bridge, host, ipvlan, macvlan, null, overlay], Authorization=null, Log=[awslogs, fluentd, gcplogs, gelf, journald, json-file, local, splunk, syslog]}, executionDriver=null, loggingDriver=json-file, experimentalBuild=false, httpProxy=, httpsProxy=, id=78e9b084-9c21-4c10-8ecb-01b323cc63df, ipv4Forwarding=true, bridgeNfIptables=true, bridgeNfIp6tables=true, images=22, indexServerAddress=https://index.docker.io/v1/, initPath=null, initSha1=null, kernelVersion=4.18.0-348.7.1.el8_5.x86_64, labels=[], memoryLimit=true, memTotal=1904758784, name=k8s-worker-node2, ncpu=2, nEventsListener=0, nfd=27, nGoroutines=41, noProxy=, oomKillDisable=true, osType=linux, oomScoreAdj=null, operatingSystem=CentOS Linux 8, registryConfig=InfoRegistryConfig(indexConfigs={docker.io=InfoRegistryConfig.IndexConfig(mirrors=[], name=docker.io, official=true, secure=true)}, insecureRegistryCIDRs=[127.0.0.0/8], mirrors=null), sockets=null, swapLimit=true, systemTime=2025-05-08T20:13:25.735592972+08:00, serverVersion=26.1.3, clusterStore=null, clusterAdvertise=null, swarm=SwarmInfo(nodeID=, nodeAddr=, localNodeState=INACTIVE, controlAvailable=false, error=, remoteManagers=null, nodes=null, managers=null, clusterInfo=null), isolation=, securityOptions=[name=seccomp,profile=builtin], runtimes={io.containerd.runc.v2=RuntimeInfo(path=runc), runc=RuntimeInfo(path=runc)})
2025-05-08 20:13:25.256  INFO 4004 --- [           main] c.g.q.d.DockerDashboardServerApplication : docker version:Version(apiVersion=1.45, arch=amd64, gitCommit=8e96db1, goVersion=go1.21.10, kernelVersion=4.18.0-348.7.1.el8_5.x86_64, operatingSystem=linux, version=26.1.3, buildTime=2024-05-16T08:33:34.000000000+00:00, experimental=null, minAPIVersion=1.24, platform=VersionPlatform(name=Docker Engine - Community), components=[VersionComponent(details={ApiVersion=1.45, Arch=amd64, BuildTime=2024-05-16T08:33:34.000000000+00:00, Experimental=false, GitCommit=8e96db1, GoVersion=go1.21.10, KernelVersion=4.18.0-348.7.1.el8_5.x86_64, MinAPIVersion=1.24, Os=linux}, name=Engine, version=26.1.3), VersionComponent(details={GitCommit=8b3b7ca2e5ce38e8f31a34f35b2b68ceb8470d89}, name=containerd, version=1.6.32), VersionComponent(details={GitCommit=v1.1.12-0-g51d5e94}, name=runc, version=1.1.12), VersionComponent(details={GitCommit=de40ad0}, name=docker-init, version=0.19.0)])
]]></system-out>
  </testcase>
</testsuite>